<?xml version="1.0" encoding="UTF-8"?>
<robot generator="Robot 4.1.3 (Python 3.8.10 on linux)" generated="20220127 14:16:09.700" rpa="false" schemaversion="2">
<suite id="s1" name="DailyViewershipAnalyticsAPI" source="/home/sumankumars/PycharmProjects/RoboatAPIAutomation/TestCases/ViewershipAnalytics/Daily/DailyViewershipAnalyticsAPI.robot">
<test id="s1-t1" name="FilterUsing-DateRange_Customer_Content_Country_City_Timezone_Device">
<kw name="Get Access Token with Base URL for Daily ViewershipAnalytics" library="GetAccessToken">
<kw name="Create Dictionary" library="BuiltIn">
<var>${access_token}</var>
<arg>x-access-token=ab10a1c3-d1d6-477a-83bb-dc42cf167e62</arg>
<doc>Creates and returns a dictionary based on the given ``items``.</doc>
<msg timestamp="20220127 14:16:09.801" level="INFO">${access_token} = {'x-access-token': 'ab10a1c3-d1d6-477a-83bb-dc42cf167e62'}</msg>
<status status="PASS" starttime="20220127 14:16:09.801" endtime="20220127 14:16:09.801"/>
</kw>
<kw name="Create Session" library="RequestsLibrary">
<arg>GetDailyViewership</arg>
<arg>${Base_URL}</arg>
<arg>headers=${access_token}</arg>
<doc>Create Session: create a HTTP session to a server</doc>
<msg timestamp="20220127 14:16:09.801" level="INFO">Creating Session using : alias=GetDailyViewership, url=https://api-analytics.amagi.tv/, headers={'x-access-token': 'ab10a1c3-d1d6-477a-83bb-dc42cf167e62'},                     cookies={}, auth=None, timeout=None, proxies=None, verify=False,                     debug=0 </msg>
<status status="PASS" starttime="20220127 14:16:09.801" endtime="20220127 14:16:09.802"/>
</kw>
<status status="PASS" starttime="20220127 14:16:09.800" endtime="20220127 14:16:09.802"/>
</kw>
<kw name="GET On Session" library="RequestsLibrary">
<var>${response}</var>
<arg>GetDailyViewership</arg>
<arg>${customer_content_device_timezone_country_city}</arg>
<doc>Sends a GET request on a previously created HTTP Session.</doc>
<msg timestamp="20220127 14:16:21.639" level="INFO">GET Request : url=https://api-analytics.amagi.tv/api/v2?type=viewershipAnalytics&amp;startDate=2021-10-10&amp;endDate=2021-10-21&amp;interval=DAILY&amp;customerId=AMG00354&amp;contentId=l2y1uvq1&amp;country=United%20States&amp;city=Anderson&amp;timezone=US/Eastern&amp;deviceType=Smart%20TV&amp;deviceName=Google%20Chromecast 
 path_url=/api/v2?type=viewershipAnalytics&amp;startDate=2021-10-10&amp;endDate=2021-10-21&amp;interval=DAILY&amp;customerId=AMG00354&amp;contentId=l2y1uvq1&amp;country=United%20States&amp;city=Anderson&amp;timezone=US/Eastern&amp;deviceType=Smart%20TV&amp;deviceName=Google%20Chromecast 
 headers={'User-Agent': 'python-requests/2.27.1', 'Accept-Encoding': 'gzip, deflate', 'Accept': '*/*', 'Connection': 'keep-alive', 'x-access-token': 'ab10a1c3-d1d6-477a-83bb-dc42cf167e62'} 
 body=None 
 </msg>
<msg timestamp="20220127 14:16:21.639" level="INFO">GET Response : url=https://api-analytics.amagi.tv/api/v2?type=viewershipAnalytics&amp;startDate=2021-10-10&amp;endDate=2021-10-21&amp;interval=DAILY&amp;customerId=AMG00354&amp;contentId=l2y1uvq1&amp;country=United%20States&amp;city=Anderson&amp;timezone=US/Eastern&amp;deviceType=Smart%20TV&amp;deviceName=Google%20Chromecast 
 status=200, reason=OK 
 headers={'Content-Type': 'application/json; charset=utf-8', 'Content-Length': '539', 'Connection': 'keep-alive', 'Server': 'nginx', 'Date': 'Thu, 27 Jan 2022 08:46:21 GMT', 'Cache-Control': 'no-cache', 'Accept-Ranges': 'bytes', 'X-Content-Type-Options': 'nosniff', 'X-XSS-Protection': '1; mode=block', 'Strict-Transport-Security': 'max-age=31536000; includeSubdomains;', 'X-Frame-Options': 'DENY', 'X-Cache': 'Miss from cloudfront', 'Via': '1.1 534b228d7da687f51d99c14ca2e26f52.cloudfront.net (CloudFront)', 'X-Amz-Cf-Pop': 'MAA51-P1', 'X-Amz-Cf-Id': 'vVdlAfFFcRHiOe1fo_J1NhVf20p0k90RNDij5lHWx1Qrwl2JiNSsBA=='} 
 body={"dateRange":{"startDate":"2021-10-10","endDate":"2021-10-21","interval":"DAILY","startTime":"00:00","endTime":"23:00"},"viewershipAnalytics":[{"time":"2021-10-12 00:00:00","numberOfViewers":1,"numberOfSession":1,"viewershipMinutes":0},{"time":"2021-10-17 00:00:00","numberOfViewers":1,"numberOfSession":1,"viewershipMinutes":0}],"totalSessions":2,"totalViewershipMinutes":0,"aggregatedViewers":2,"dailyAverageNumberOfViewers":1,"dailyAverageSessionCount":1,"dailyAverageViewershipMinutes":0,"avgSessionDuration":0,"avgSessionPerViewer":1} 
 </msg>
<msg timestamp="20220127 14:16:21.639" level="INFO">/usr/local/lib/python3.8/dist-packages/urllib3/connectionpool.py:1013: InsecureRequestWarning: Unverified HTTPS request is being made to host 'api-analytics.amagi.tv'. Adding certificate verification is strongly advised. See: https://urllib3.readthedocs.io/en/1.26.x/advanced-usage.html#ssl-warnings
  warnings.warn(</msg>
<msg timestamp="20220127 14:16:21.640" level="INFO">${response} = &lt;Response [200]&gt;</msg>
<status status="PASS" starttime="20220127 14:16:09.802" endtime="20220127 14:16:21.640"/>
</kw>
<kw name="Log To Console" library="BuiltIn">
<arg>${response.status_code}</arg>
<doc>Logs the given message to the console.</doc>
<status status="PASS" starttime="20220127 14:16:21.640" endtime="20220127 14:16:21.641"/>
</kw>
<kw name="Log To Console" library="BuiltIn">
<arg>${response.content}</arg>
<doc>Logs the given message to the console.</doc>
<status status="PASS" starttime="20220127 14:16:21.642" endtime="20220127 14:16:21.643"/>
</kw>
<tag>Regression</tag>
<status status="PASS" starttime="20220127 14:16:09.800" endtime="20220127 14:16:21.643"/>
</test>
<test id="s1-t2" name="FilterUsing-DateRange_Channel_Content_Country_City_Timezone_Device">
<kw name="Get Access Token with Base URL for Daily ViewershipAnalytics" library="GetAccessToken">
<kw name="Create Dictionary" library="BuiltIn">
<var>${access_token}</var>
<arg>x-access-token=ab10a1c3-d1d6-477a-83bb-dc42cf167e62</arg>
<doc>Creates and returns a dictionary based on the given ``items``.</doc>
<msg timestamp="20220127 14:16:21.647" level="INFO">${access_token} = {'x-access-token': 'ab10a1c3-d1d6-477a-83bb-dc42cf167e62'}</msg>
<status status="PASS" starttime="20220127 14:16:21.646" endtime="20220127 14:16:21.647"/>
</kw>
<kw name="Create Session" library="RequestsLibrary">
<arg>GetDailyViewership</arg>
<arg>${Base_URL}</arg>
<arg>headers=${access_token}</arg>
<doc>Create Session: create a HTTP session to a server</doc>
<msg timestamp="20220127 14:16:21.648" level="INFO">Creating Session using : alias=GetDailyViewership, url=https://api-analytics.amagi.tv/, headers={'x-access-token': 'ab10a1c3-d1d6-477a-83bb-dc42cf167e62'},                     cookies={}, auth=None, timeout=None, proxies=None, verify=False,                     debug=0 </msg>
<status status="PASS" starttime="20220127 14:16:21.647" endtime="20220127 14:16:21.649"/>
</kw>
<status status="PASS" starttime="20220127 14:16:21.645" endtime="20220127 14:16:21.649"/>
</kw>
<kw name="GET On Session" library="RequestsLibrary">
<var>${response}</var>
<arg>GetDailyViewership</arg>
<arg>${channel_content_device_timezone_country_city}</arg>
<doc>Sends a GET request on a previously created HTTP Session.</doc>
<msg timestamp="20220127 14:16:21.996" level="INFO">GET Request : url=https://api-analytics.amagi.tv/api/v2?type=viewershipAnalytics&amp;startDate=2021-10-10&amp;endDate=2021-10-21&amp;interval=DAILY&amp;channelId=outsidetv-outsidetv-vizio&amp;contentId=l2y1uvq1&amp;country=United%20States&amp;city=Anderson&amp;timezone=US/Eastern&amp;deviceType=Smart%20TV&amp;deviceName=Google%20Chromecast 
 path_url=/api/v2?type=viewershipAnalytics&amp;startDate=2021-10-10&amp;endDate=2021-10-21&amp;interval=DAILY&amp;channelId=outsidetv-outsidetv-vizio&amp;contentId=l2y1uvq1&amp;country=United%20States&amp;city=Anderson&amp;timezone=US/Eastern&amp;deviceType=Smart%20TV&amp;deviceName=Google%20Chromecast 
 headers={'User-Agent': 'python-requests/2.27.1', 'Accept-Encoding': 'gzip, deflate', 'Accept': '*/*', 'Connection': 'keep-alive', 'x-access-token': 'ab10a1c3-d1d6-477a-83bb-dc42cf167e62'} 
 body=None 
 </msg>
<msg timestamp="20220127 14:16:21.996" level="INFO">GET Response : url=https://api-analytics.amagi.tv/api/v2?type=viewershipAnalytics&amp;startDate=2021-10-10&amp;endDate=2021-10-21&amp;interval=DAILY&amp;channelId=outsidetv-outsidetv-vizio&amp;contentId=l2y1uvq1&amp;country=United%20States&amp;city=Anderson&amp;timezone=US/Eastern&amp;deviceType=Smart%20TV&amp;deviceName=Google%20Chromecast 
 status=200, reason=OK 
 headers={'Content-Type': 'application/json; charset=utf-8', 'Content-Length': '539', 'Connection': 'keep-alive', 'Server': 'nginx', 'Date': 'Thu, 27 Jan 2022 08:46:21 GMT', 'Cache-Control': 'no-cache', 'Accept-Ranges': 'bytes', 'X-Content-Type-Options': 'nosniff', 'X-XSS-Protection': '1; mode=block', 'Strict-Transport-Security': 'max-age=31536000; includeSubdomains;', 'X-Frame-Options': 'DENY', 'X-Cache': 'Miss from cloudfront', 'Via': '1.1 f585aa5a5548fa8ea9df3c1cb7419db8.cloudfront.net (CloudFront)', 'X-Amz-Cf-Pop': 'MAA51-P1', 'X-Amz-Cf-Id': 'JrGqz2Tp58qp0_K8uUysdj2lyZG2qfhBzZr4dtz4T3JMlvF7LPZYcw=='} 
 body={"dateRange":{"startDate":"2021-10-10","endDate":"2021-10-21","interval":"DAILY","startTime":"00:00","endTime":"23:00"},"viewershipAnalytics":[{"time":"2021-10-12 00:00:00","numberOfViewers":1,"numberOfSession":1,"viewershipMinutes":0},{"time":"2021-10-17 00:00:00","numberOfViewers":1,"numberOfSession":1,"viewershipMinutes":0}],"totalSessions":2,"totalViewershipMinutes":0,"aggregatedViewers":2,"dailyAverageNumberOfViewers":1,"dailyAverageSessionCount":1,"dailyAverageViewershipMinutes":0,"avgSessionDuration":0,"avgSessionPerViewer":1} 
 </msg>
<msg timestamp="20220127 14:16:21.996" level="INFO">/usr/local/lib/python3.8/dist-packages/urllib3/connectionpool.py:1013: InsecureRequestWarning: Unverified HTTPS request is being made to host 'api-analytics.amagi.tv'. Adding certificate verification is strongly advised. See: https://urllib3.readthedocs.io/en/1.26.x/advanced-usage.html#ssl-warnings
  warnings.warn(</msg>
<msg timestamp="20220127 14:16:21.996" level="INFO">${response} = &lt;Response [200]&gt;</msg>
<status status="PASS" starttime="20220127 14:16:21.650" endtime="20220127 14:16:21.996"/>
</kw>
<kw name="Log To Console" library="BuiltIn">
<arg>${response.status_code}</arg>
<doc>Logs the given message to the console.</doc>
<status status="PASS" starttime="20220127 14:16:21.997" endtime="20220127 14:16:21.998"/>
</kw>
<kw name="Log To Console" library="BuiltIn">
<arg>${response.content}</arg>
<doc>Logs the given message to the console.</doc>
<status status="PASS" starttime="20220127 14:16:21.998" endtime="20220127 14:16:22.000"/>
</kw>
<tag>Regression</tag>
<status status="PASS" starttime="20220127 14:16:21.644" endtime="20220127 14:16:22.000"/>
</test>
<test id="s1-t3" name="FilterUsing-DateRange_Customer_Content_Country_City_Timezone_Device_Studio">
<kw name="Get Access Token with Base URL for Daily ViewershipAnalytics" library="GetAccessToken">
<kw name="Create Dictionary" library="BuiltIn">
<var>${access_token}</var>
<arg>x-access-token=ab10a1c3-d1d6-477a-83bb-dc42cf167e62</arg>
<doc>Creates and returns a dictionary based on the given ``items``.</doc>
<msg timestamp="20220127 14:16:22.002" level="INFO">${access_token} = {'x-access-token': 'ab10a1c3-d1d6-477a-83bb-dc42cf167e62'}</msg>
<status status="PASS" starttime="20220127 14:16:22.002" endtime="20220127 14:16:22.002"/>
</kw>
<kw name="Create Session" library="RequestsLibrary">
<arg>GetDailyViewership</arg>
<arg>${Base_URL}</arg>
<arg>headers=${access_token}</arg>
<doc>Create Session: create a HTTP session to a server</doc>
<msg timestamp="20220127 14:16:22.003" level="INFO">Creating Session using : alias=GetDailyViewership, url=https://api-analytics.amagi.tv/, headers={'x-access-token': 'ab10a1c3-d1d6-477a-83bb-dc42cf167e62'},                     cookies={}, auth=None, timeout=None, proxies=None, verify=False,                     debug=0 </msg>
<status status="PASS" starttime="20220127 14:16:22.003" endtime="20220127 14:16:22.003"/>
</kw>
<status status="PASS" starttime="20220127 14:16:22.001" endtime="20220127 14:16:22.004"/>
</kw>
<kw name="GET On Session" library="RequestsLibrary">
<var>${response}</var>
<arg>GetDailyViewership</arg>
<arg>${customer_content_device_timezone_country_city_studio}</arg>
<doc>Sends a GET request on a previously created HTTP Session.</doc>
<msg timestamp="20220127 14:16:22.553" level="INFO">GET Request : url=https://api-analytics.amagi.tv/api/v2?type=viewershipAnalytics&amp;startDate=2021-10-10&amp;endDate=2021-10-21&amp;interval=DAILY&amp;customerId=AMG00354&amp;contentId=l2y1uvq1&amp;country=United%20States&amp;city=Anderson&amp;timezone=US/Eastern&amp;deviceType=Smart%20TV&amp;deviceName=Google%20Chromecast&amp;studioName=grvtywm 
 path_url=/api/v2?type=viewershipAnalytics&amp;startDate=2021-10-10&amp;endDate=2021-10-21&amp;interval=DAILY&amp;customerId=AMG00354&amp;contentId=l2y1uvq1&amp;country=United%20States&amp;city=Anderson&amp;timezone=US/Eastern&amp;deviceType=Smart%20TV&amp;deviceName=Google%20Chromecast&amp;studioName=grvtywm 
 headers={'User-Agent': 'python-requests/2.27.1', 'Accept-Encoding': 'gzip, deflate', 'Accept': '*/*', 'Connection': 'keep-alive', 'x-access-token': 'ab10a1c3-d1d6-477a-83bb-dc42cf167e62'} 
 body=None 
 </msg>
<msg timestamp="20220127 14:16:22.553" level="INFO">GET Response : url=https://api-analytics.amagi.tv/api/v2?type=viewershipAnalytics&amp;startDate=2021-10-10&amp;endDate=2021-10-21&amp;interval=DAILY&amp;customerId=AMG00354&amp;contentId=l2y1uvq1&amp;country=United%20States&amp;city=Anderson&amp;timezone=US/Eastern&amp;deviceType=Smart%20TV&amp;deviceName=Google%20Chromecast&amp;studioName=grvtywm 
 status=200, reason=OK 
 headers={'Content-Type': 'application/json; charset=utf-8', 'Content-Length': '539', 'Connection': 'keep-alive', 'Server': 'nginx', 'Date': 'Thu, 27 Jan 2022 08:46:22 GMT', 'Cache-Control': 'no-cache', 'Accept-Ranges': 'bytes', 'X-Content-Type-Options': 'nosniff', 'X-XSS-Protection': '1; mode=block', 'Strict-Transport-Security': 'max-age=31536000; includeSubdomains;', 'X-Frame-Options': 'DENY', 'X-Cache': 'Miss from cloudfront', 'Via': '1.1 547cde31b4190e0bed1b8ac7a943f83e.cloudfront.net (CloudFront)', 'X-Amz-Cf-Pop': 'MAA51-P1', 'X-Amz-Cf-Id': 'lsDdLvR5QljB6f8ZIygSWvNi_d0xlhheF_pzKckBDElQVfCPNc8vJQ=='} 
 body={"dateRange":{"startDate":"2021-10-10","endDate":"2021-10-21","interval":"DAILY","startTime":"00:00","endTime":"23:00"},"viewershipAnalytics":[{"time":"2021-10-12 00:00:00","numberOfViewers":1,"numberOfSession":1,"viewershipMinutes":0},{"time":"2021-10-17 00:00:00","numberOfViewers":1,"numberOfSession":1,"viewershipMinutes":0}],"totalSessions":2,"totalViewershipMinutes":0,"aggregatedViewers":2,"dailyAverageNumberOfViewers":1,"dailyAverageSessionCount":1,"dailyAverageViewershipMinutes":0,"avgSessionDuration":0,"avgSessionPerViewer":1} 
 </msg>
<msg timestamp="20220127 14:16:22.553" level="INFO">/usr/local/lib/python3.8/dist-packages/urllib3/connectionpool.py:1013: InsecureRequestWarning: Unverified HTTPS request is being made to host 'api-analytics.amagi.tv'. Adding certificate verification is strongly advised. See: https://urllib3.readthedocs.io/en/1.26.x/advanced-usage.html#ssl-warnings
  warnings.warn(</msg>
<msg timestamp="20220127 14:16:22.553" level="INFO">${response} = &lt;Response [200]&gt;</msg>
<status status="PASS" starttime="20220127 14:16:22.004" endtime="20220127 14:16:22.553"/>
</kw>
<kw name="Log To Console" library="BuiltIn">
<arg>${response.status_code}</arg>
<doc>Logs the given message to the console.</doc>
<status status="PASS" starttime="20220127 14:16:22.553" endtime="20220127 14:16:22.554"/>
</kw>
<kw name="Log To Console" library="BuiltIn">
<arg>${response.content}</arg>
<doc>Logs the given message to the console.</doc>
<status status="PASS" starttime="20220127 14:16:22.554" endtime="20220127 14:16:22.554"/>
</kw>
<tag>Regression</tag>
<status status="PASS" starttime="20220127 14:16:22.001" endtime="20220127 14:16:22.554"/>
</test>
<test id="s1-t4" name="FilterUsing-DateRange_Channel_Content_Country_City_Timezone_Device_Studio">
<kw name="Get Access Token with Base URL for Daily ViewershipAnalytics" library="GetAccessToken">
<kw name="Create Dictionary" library="BuiltIn">
<var>${access_token}</var>
<arg>x-access-token=ab10a1c3-d1d6-477a-83bb-dc42cf167e62</arg>
<doc>Creates and returns a dictionary based on the given ``items``.</doc>
<msg timestamp="20220127 14:16:22.555" level="INFO">${access_token} = {'x-access-token': 'ab10a1c3-d1d6-477a-83bb-dc42cf167e62'}</msg>
<status status="PASS" starttime="20220127 14:16:22.555" endtime="20220127 14:16:22.555"/>
</kw>
<kw name="Create Session" library="RequestsLibrary">
<arg>GetDailyViewership</arg>
<arg>${Base_URL}</arg>
<arg>headers=${access_token}</arg>
<doc>Create Session: create a HTTP session to a server</doc>
<msg timestamp="20220127 14:16:22.555" level="INFO">Creating Session using : alias=GetDailyViewership, url=https://api-analytics.amagi.tv/, headers={'x-access-token': 'ab10a1c3-d1d6-477a-83bb-dc42cf167e62'},                     cookies={}, auth=None, timeout=None, proxies=None, verify=False,                     debug=0 </msg>
<status status="PASS" starttime="20220127 14:16:22.555" endtime="20220127 14:16:22.556"/>
</kw>
<status status="PASS" starttime="20220127 14:16:22.555" endtime="20220127 14:16:22.556"/>
</kw>
<kw name="GET On Session" library="RequestsLibrary">
<var>${response}</var>
<arg>GetDailyViewership</arg>
<arg>${channel_content_device_timezone_country_city_studio}</arg>
<doc>Sends a GET request on a previously created HTTP Session.</doc>
<msg timestamp="20220127 14:16:22.874" level="INFO">GET Request : url=https://api-analytics.amagi.tv/api/v2?type=viewershipAnalytics&amp;startDate=2021-10-10&amp;endDate=2021-10-21&amp;interval=DAILY&amp;channelId=outsidetv-outsidetv-vizio&amp;contentId=l2y1uvq1&amp;country=United%20States&amp;city=Anderson&amp;timezone=US/Eastern&amp;deviceType=Smart%20TV&amp;deviceName=Google%20Chromecast&amp;studioName=grvtywm 
 path_url=/api/v2?type=viewershipAnalytics&amp;startDate=2021-10-10&amp;endDate=2021-10-21&amp;interval=DAILY&amp;channelId=outsidetv-outsidetv-vizio&amp;contentId=l2y1uvq1&amp;country=United%20States&amp;city=Anderson&amp;timezone=US/Eastern&amp;deviceType=Smart%20TV&amp;deviceName=Google%20Chromecast&amp;studioName=grvtywm 
 headers={'User-Agent': 'python-requests/2.27.1', 'Accept-Encoding': 'gzip, deflate', 'Accept': '*/*', 'Connection': 'keep-alive', 'x-access-token': 'ab10a1c3-d1d6-477a-83bb-dc42cf167e62'} 
 body=None 
 </msg>
<msg timestamp="20220127 14:16:22.875" level="INFO">GET Response : url=https://api-analytics.amagi.tv/api/v2?type=viewershipAnalytics&amp;startDate=2021-10-10&amp;endDate=2021-10-21&amp;interval=DAILY&amp;channelId=outsidetv-outsidetv-vizio&amp;contentId=l2y1uvq1&amp;country=United%20States&amp;city=Anderson&amp;timezone=US/Eastern&amp;deviceType=Smart%20TV&amp;deviceName=Google%20Chromecast&amp;studioName=grvtywm 
 status=200, reason=OK 
 headers={'Content-Type': 'application/json; charset=utf-8', 'Content-Length': '539', 'Connection': 'keep-alive', 'Server': 'nginx', 'Date': 'Thu, 27 Jan 2022 08:46:22 GMT', 'Cache-Control': 'no-cache', 'Accept-Ranges': 'bytes', 'X-Content-Type-Options': 'nosniff', 'X-XSS-Protection': '1; mode=block', 'Strict-Transport-Security': 'max-age=31536000; includeSubdomains;', 'X-Frame-Options': 'DENY', 'X-Cache': 'Miss from cloudfront', 'Via': '1.1 51e2dff3d89b89a15e6f1fb094173408.cloudfront.net (CloudFront)', 'X-Amz-Cf-Pop': 'MAA51-P1', 'X-Amz-Cf-Id': 'F6CDItDi3V5GoV61TqJ73-q5IeHyJjlLvgq1qD1e_THmLFfn081LXQ=='} 
 body={"dateRange":{"startDate":"2021-10-10","endDate":"2021-10-21","interval":"DAILY","startTime":"00:00","endTime":"23:00"},"viewershipAnalytics":[{"time":"2021-10-12 00:00:00","numberOfViewers":1,"numberOfSession":1,"viewershipMinutes":0},{"time":"2021-10-17 00:00:00","numberOfViewers":1,"numberOfSession":1,"viewershipMinutes":0}],"totalSessions":2,"totalViewershipMinutes":0,"aggregatedViewers":2,"dailyAverageNumberOfViewers":1,"dailyAverageSessionCount":1,"dailyAverageViewershipMinutes":0,"avgSessionDuration":0,"avgSessionPerViewer":1} 
 </msg>
<msg timestamp="20220127 14:16:22.875" level="INFO">/usr/local/lib/python3.8/dist-packages/urllib3/connectionpool.py:1013: InsecureRequestWarning: Unverified HTTPS request is being made to host 'api-analytics.amagi.tv'. Adding certificate verification is strongly advised. See: https://urllib3.readthedocs.io/en/1.26.x/advanced-usage.html#ssl-warnings
  warnings.warn(</msg>
<msg timestamp="20220127 14:16:22.875" level="INFO">${response} = &lt;Response [200]&gt;</msg>
<status status="PASS" starttime="20220127 14:16:22.556" endtime="20220127 14:16:22.875"/>
</kw>
<kw name="Log To Console" library="BuiltIn">
<arg>${response.status_code}</arg>
<doc>Logs the given message to the console.</doc>
<status status="PASS" starttime="20220127 14:16:22.875" endtime="20220127 14:16:22.877"/>
</kw>
<kw name="Log To Console" library="BuiltIn">
<arg>${response.content}</arg>
<doc>Logs the given message to the console.</doc>
<status status="PASS" starttime="20220127 14:16:22.877" endtime="20220127 14:16:22.878"/>
</kw>
<tag>Regression</tag>
<status status="PASS" starttime="20220127 14:16:22.554" endtime="20220127 14:16:22.878"/>
</test>
<status status="PASS" starttime="20220127 14:16:09.701" endtime="20220127 14:16:22.879"/>
</suite>
<statistics>
<total>
<stat pass="4" fail="0" skip="0">All Tests</stat>
</total>
<tag>
<stat pass="4" fail="0" skip="0">Regression</stat>
</tag>
<suite>
<stat pass="4" fail="0" skip="0" id="s1" name="DailyViewershipAnalyticsAPI">DailyViewershipAnalyticsAPI</stat>
</suite>
</statistics>
<errors>
</errors>
</robot>
