<?xml version="1.0" encoding="UTF-8"?>
<robot generator="Robot 4.1.3 (Python 3.8.10 on linux)" generated="20220127 14:16:40.151" rpa="false" schemaversion="2">
<suite id="s1" name="HourlyViewershipAnalyticsAPI" source="/home/sumankumars/PycharmProjects/RoboatAPIAutomation/TestCases/ViewershipAnalytics/Hourly/HourlyViewershipAnalyticsAPI.robot">
<test id="s1-t1" name="FilterUsing-DateRange_Customer_Content_Country_City_Timezone_Device">
<kw name="Get Access Token with Base URL for Hourly ViewershipAnalytics" library="GetAccessToken">
<kw name="Create Dictionary" library="BuiltIn">
<var>${access_token}</var>
<arg>x-access-token=ab10a1c3-d1d6-477a-83bb-dc42cf167e62</arg>
<doc>Creates and returns a dictionary based on the given ``items``.</doc>
<msg timestamp="20220127 14:16:40.250" level="INFO">${access_token} = {'x-access-token': 'ab10a1c3-d1d6-477a-83bb-dc42cf167e62'}</msg>
<status status="PASS" starttime="20220127 14:16:40.250" endtime="20220127 14:16:40.250"/>
</kw>
<kw name="Create Session" library="RequestsLibrary">
<arg>GetHourlyViewership</arg>
<arg>${Base_URL}</arg>
<arg>headers=${access_token}</arg>
<doc>Create Session: create a HTTP session to a server</doc>
<msg timestamp="20220127 14:16:40.250" level="INFO">Creating Session using : alias=GetHourlyViewership, url=https://api-analytics.amagi.tv/, headers={'x-access-token': 'ab10a1c3-d1d6-477a-83bb-dc42cf167e62'},                     cookies={}, auth=None, timeout=None, proxies=None, verify=False,                     debug=0 </msg>
<status status="PASS" starttime="20220127 14:16:40.250" endtime="20220127 14:16:40.251"/>
</kw>
<status status="PASS" starttime="20220127 14:16:40.250" endtime="20220127 14:16:40.251"/>
</kw>
<kw name="GET On Session" library="RequestsLibrary">
<var>${response}</var>
<arg>GetHourlyViewership</arg>
<arg>${customer_content_device_timezone_country_city}</arg>
<doc>Sends a GET request on a previously created HTTP Session.</doc>
<msg timestamp="20220127 14:16:46.675" level="INFO">GET Request : url=https://api-analytics.amagi.tv/api/v2?type=viewershipAnalytics&amp;startDate=2021-10-10&amp;endDate=2021-10-21&amp;interval=HOURLY&amp;customerId=AMG00354&amp;contentId=l2y1uvq1&amp;country=United%20States&amp;city=Anderson&amp;timezone=US/Eastern&amp;deviceType=Smart%20TV&amp;deviceName=Google%20Chromecast 
 path_url=/api/v2?type=viewershipAnalytics&amp;startDate=2021-10-10&amp;endDate=2021-10-21&amp;interval=HOURLY&amp;customerId=AMG00354&amp;contentId=l2y1uvq1&amp;country=United%20States&amp;city=Anderson&amp;timezone=US/Eastern&amp;deviceType=Smart%20TV&amp;deviceName=Google%20Chromecast 
 headers={'User-Agent': 'python-requests/2.27.1', 'Accept-Encoding': 'gzip, deflate', 'Accept': '*/*', 'Connection': 'keep-alive', 'x-access-token': 'ab10a1c3-d1d6-477a-83bb-dc42cf167e62'} 
 body=None 
 </msg>
<msg timestamp="20220127 14:16:46.675" level="INFO">GET Response : url=https://api-analytics.amagi.tv/api/v2?type=viewershipAnalytics&amp;startDate=2021-10-10&amp;endDate=2021-10-21&amp;interval=HOURLY&amp;customerId=AMG00354&amp;contentId=l2y1uvq1&amp;country=United%20States&amp;city=Anderson&amp;timezone=US/Eastern&amp;deviceType=Smart%20TV&amp;deviceName=Google%20Chromecast 
 status=200, reason=OK 
 headers={'Content-Type': 'application/json; charset=utf-8', 'Content-Length': '543', 'Connection': 'keep-alive', 'Server': 'nginx', 'Date': 'Thu, 27 Jan 2022 08:46:46 GMT', 'Cache-Control': 'no-cache', 'Accept-Ranges': 'bytes', 'X-Content-Type-Options': 'nosniff', 'X-XSS-Protection': '1; mode=block', 'Strict-Transport-Security': 'max-age=31536000; includeSubdomains;', 'X-Frame-Options': 'DENY', 'X-Cache': 'Miss from cloudfront', 'Via': '1.1 858dd97a674d59c4606a8a54e3ff0a3e.cloudfront.net (CloudFront)', 'X-Amz-Cf-Pop': 'MAA51-P1', 'X-Amz-Cf-Id': 'xmJqwH2Bi_XAcnYDNfmm6zf_EVSs4q4woVbbefSmEUs4D2iWF9gVeQ=='} 
 body={"dateRange":{"startDate":"2021-10-10","endDate":"2021-10-21","interval":"HOURLY","startTime":"00:00","endTime":"23:00"},"viewershipAnalytics":[{"time":"2021-10-12 17:00:00","numberOfViewers":1,"numberOfSession":1,"viewershipMinutes":0},{"time":"2021-10-17 15:00:00","numberOfViewers":1,"numberOfSession":1,"viewershipMinutes":0}],"totalSessions":2,"totalViewershipMinutes":0,"aggregatedViewers":2,"hourlyAverageNumberOfViewers":1,"hourlyAverageSessionCount":1,"hourlyAverageViewershipMinutes":0,"avgSessionDuration":0,"avgSessionPerViewer":1} 
 </msg>
<msg timestamp="20220127 14:16:46.675" level="INFO">/usr/local/lib/python3.8/dist-packages/urllib3/connectionpool.py:1013: InsecureRequestWarning: Unverified HTTPS request is being made to host 'api-analytics.amagi.tv'. Adding certificate verification is strongly advised. See: https://urllib3.readthedocs.io/en/1.26.x/advanced-usage.html#ssl-warnings
  warnings.warn(</msg>
<msg timestamp="20220127 14:16:46.676" level="INFO">${response} = &lt;Response [200]&gt;</msg>
<status status="PASS" starttime="20220127 14:16:40.251" endtime="20220127 14:16:46.676"/>
</kw>
<kw name="Log To Console" library="BuiltIn">
<arg>${response.status_code}</arg>
<doc>Logs the given message to the console.</doc>
<status status="PASS" starttime="20220127 14:16:46.676" endtime="20220127 14:16:46.677"/>
</kw>
<kw name="Log To Console" library="BuiltIn">
<arg>${response.content}</arg>
<doc>Logs the given message to the console.</doc>
<status status="PASS" starttime="20220127 14:16:46.678" endtime="20220127 14:16:46.679"/>
</kw>
<tag>Regression</tag>
<status status="PASS" starttime="20220127 14:16:40.249" endtime="20220127 14:16:46.679"/>
</test>
<test id="s1-t2" name="FilterUsing-DateRange_Channel_Content_Country_City_Timezone_Device">
<kw name="Get Access Token with Base URL for Hourly ViewershipAnalytics" library="GetAccessToken">
<kw name="Create Dictionary" library="BuiltIn">
<var>${access_token}</var>
<arg>x-access-token=ab10a1c3-d1d6-477a-83bb-dc42cf167e62</arg>
<doc>Creates and returns a dictionary based on the given ``items``.</doc>
<msg timestamp="20220127 14:16:46.682" level="INFO">${access_token} = {'x-access-token': 'ab10a1c3-d1d6-477a-83bb-dc42cf167e62'}</msg>
<status status="PASS" starttime="20220127 14:16:46.681" endtime="20220127 14:16:46.682"/>
</kw>
<kw name="Create Session" library="RequestsLibrary">
<arg>GetHourlyViewership</arg>
<arg>${Base_URL}</arg>
<arg>headers=${access_token}</arg>
<doc>Create Session: create a HTTP session to a server</doc>
<msg timestamp="20220127 14:16:46.682" level="INFO">Creating Session using : alias=GetHourlyViewership, url=https://api-analytics.amagi.tv/, headers={'x-access-token': 'ab10a1c3-d1d6-477a-83bb-dc42cf167e62'},                     cookies={}, auth=None, timeout=None, proxies=None, verify=False,                     debug=0 </msg>
<status status="PASS" starttime="20220127 14:16:46.682" endtime="20220127 14:16:46.683"/>
</kw>
<status status="PASS" starttime="20220127 14:16:46.680" endtime="20220127 14:16:46.683"/>
</kw>
<kw name="GET On Session" library="RequestsLibrary">
<var>${response}</var>
<arg>GetHourlyViewership</arg>
<arg>${channel_content_device_timezone_country_city}</arg>
<doc>Sends a GET request on a previously created HTTP Session.</doc>
<msg timestamp="20220127 14:16:47.025" level="INFO">GET Request : url=https://api-analytics.amagi.tv/api/v2?type=viewershipAnalytics&amp;startDate=2021-10-10&amp;endDate=2021-10-21&amp;interval=HOURLY&amp;channelId=outsidetv-outsidetv-vizio&amp;contentId=l2y1uvq1&amp;country=United%20States&amp;city=Anderson&amp;timezone=US/Eastern&amp;deviceType=Smart%20TV&amp;deviceName=Google%20Chromecast 
 path_url=/api/v2?type=viewershipAnalytics&amp;startDate=2021-10-10&amp;endDate=2021-10-21&amp;interval=HOURLY&amp;channelId=outsidetv-outsidetv-vizio&amp;contentId=l2y1uvq1&amp;country=United%20States&amp;city=Anderson&amp;timezone=US/Eastern&amp;deviceType=Smart%20TV&amp;deviceName=Google%20Chromecast 
 headers={'User-Agent': 'python-requests/2.27.1', 'Accept-Encoding': 'gzip, deflate', 'Accept': '*/*', 'Connection': 'keep-alive', 'x-access-token': 'ab10a1c3-d1d6-477a-83bb-dc42cf167e62'} 
 body=None 
 </msg>
<msg timestamp="20220127 14:16:47.025" level="INFO">GET Response : url=https://api-analytics.amagi.tv/api/v2?type=viewershipAnalytics&amp;startDate=2021-10-10&amp;endDate=2021-10-21&amp;interval=HOURLY&amp;channelId=outsidetv-outsidetv-vizio&amp;contentId=l2y1uvq1&amp;country=United%20States&amp;city=Anderson&amp;timezone=US/Eastern&amp;deviceType=Smart%20TV&amp;deviceName=Google%20Chromecast 
 status=200, reason=OK 
 headers={'Content-Type': 'application/json; charset=utf-8', 'Content-Length': '543', 'Connection': 'keep-alive', 'Server': 'nginx', 'Date': 'Thu, 27 Jan 2022 08:46:46 GMT', 'Cache-Control': 'no-cache', 'Accept-Ranges': 'bytes', 'X-Content-Type-Options': 'nosniff', 'X-XSS-Protection': '1; mode=block', 'Strict-Transport-Security': 'max-age=31536000; includeSubdomains;', 'X-Frame-Options': 'DENY', 'X-Cache': 'Miss from cloudfront', 'Via': '1.1 ec5dbb20886d0f8421791a79e28876b0.cloudfront.net (CloudFront)', 'X-Amz-Cf-Pop': 'MAA51-P1', 'X-Amz-Cf-Id': 'NiqTf5LijXeaz65uIqtLqq4AgBndGtqPWCoLAQryiM88q3DN7Aj9mg=='} 
 body={"dateRange":{"startDate":"2021-10-10","endDate":"2021-10-21","interval":"HOURLY","startTime":"00:00","endTime":"23:00"},"viewershipAnalytics":[{"time":"2021-10-12 17:00:00","numberOfViewers":1,"numberOfSession":1,"viewershipMinutes":0},{"time":"2021-10-17 15:00:00","numberOfViewers":1,"numberOfSession":1,"viewershipMinutes":0}],"totalSessions":2,"totalViewershipMinutes":0,"aggregatedViewers":2,"hourlyAverageNumberOfViewers":1,"hourlyAverageSessionCount":1,"hourlyAverageViewershipMinutes":0,"avgSessionDuration":0,"avgSessionPerViewer":1} 
 </msg>
<msg timestamp="20220127 14:16:47.025" level="INFO">/usr/local/lib/python3.8/dist-packages/urllib3/connectionpool.py:1013: InsecureRequestWarning: Unverified HTTPS request is being made to host 'api-analytics.amagi.tv'. Adding certificate verification is strongly advised. See: https://urllib3.readthedocs.io/en/1.26.x/advanced-usage.html#ssl-warnings
  warnings.warn(</msg>
<msg timestamp="20220127 14:16:47.025" level="INFO">${response} = &lt;Response [200]&gt;</msg>
<status status="PASS" starttime="20220127 14:16:46.683" endtime="20220127 14:16:47.026"/>
</kw>
<kw name="Log To Console" library="BuiltIn">
<arg>${response.status_code}</arg>
<doc>Logs the given message to the console.</doc>
<status status="PASS" starttime="20220127 14:16:47.026" endtime="20220127 14:16:47.027"/>
</kw>
<kw name="Log To Console" library="BuiltIn">
<arg>${response.content}</arg>
<doc>Logs the given message to the console.</doc>
<status status="PASS" starttime="20220127 14:16:47.027" endtime="20220127 14:16:47.029"/>
</kw>
<tag>Regression</tag>
<status status="PASS" starttime="20220127 14:16:46.679" endtime="20220127 14:16:47.029"/>
</test>
<test id="s1-t3" name="FilterUsing-DateRange_Customer_Content_Country_City_Timezone_Device_Studio">
<kw name="Get Access Token with Base URL for Hourly ViewershipAnalytics" library="GetAccessToken">
<kw name="Create Dictionary" library="BuiltIn">
<var>${access_token}</var>
<arg>x-access-token=ab10a1c3-d1d6-477a-83bb-dc42cf167e62</arg>
<doc>Creates and returns a dictionary based on the given ``items``.</doc>
<msg timestamp="20220127 14:16:47.031" level="INFO">${access_token} = {'x-access-token': 'ab10a1c3-d1d6-477a-83bb-dc42cf167e62'}</msg>
<status status="PASS" starttime="20220127 14:16:47.031" endtime="20220127 14:16:47.031"/>
</kw>
<kw name="Create Session" library="RequestsLibrary">
<arg>GetHourlyViewership</arg>
<arg>${Base_URL}</arg>
<arg>headers=${access_token}</arg>
<doc>Create Session: create a HTTP session to a server</doc>
<msg timestamp="20220127 14:16:47.032" level="INFO">Creating Session using : alias=GetHourlyViewership, url=https://api-analytics.amagi.tv/, headers={'x-access-token': 'ab10a1c3-d1d6-477a-83bb-dc42cf167e62'},                     cookies={}, auth=None, timeout=None, proxies=None, verify=False,                     debug=0 </msg>
<status status="PASS" starttime="20220127 14:16:47.031" endtime="20220127 14:16:47.033"/>
</kw>
<status status="PASS" starttime="20220127 14:16:47.030" endtime="20220127 14:16:47.033"/>
</kw>
<kw name="GET On Session" library="RequestsLibrary">
<var>${response}</var>
<arg>GetHourlyViewership</arg>
<arg>${customer_content_device_timezone_country_city_studio}</arg>
<doc>Sends a GET request on a previously created HTTP Session.</doc>
<msg timestamp="20220127 14:16:47.494" level="INFO">GET Request : url=https://api-analytics.amagi.tv/api/v2?type=viewershipAnalytics&amp;startDate=2021-10-10&amp;endDate=2021-10-21&amp;interval=HOURLY&amp;customerId=AMG00354&amp;contentId=l2y1uvq1&amp;country=United%20States&amp;city=Anderson&amp;timezone=US/Eastern&amp;deviceType=Smart%20TV&amp;deviceName=Google%20Chromecast&amp;studioName=grvtywm 
 path_url=/api/v2?type=viewershipAnalytics&amp;startDate=2021-10-10&amp;endDate=2021-10-21&amp;interval=HOURLY&amp;customerId=AMG00354&amp;contentId=l2y1uvq1&amp;country=United%20States&amp;city=Anderson&amp;timezone=US/Eastern&amp;deviceType=Smart%20TV&amp;deviceName=Google%20Chromecast&amp;studioName=grvtywm 
 headers={'User-Agent': 'python-requests/2.27.1', 'Accept-Encoding': 'gzip, deflate', 'Accept': '*/*', 'Connection': 'keep-alive', 'x-access-token': 'ab10a1c3-d1d6-477a-83bb-dc42cf167e62'} 
 body=None 
 </msg>
<msg timestamp="20220127 14:16:47.494" level="INFO">GET Response : url=https://api-analytics.amagi.tv/api/v2?type=viewershipAnalytics&amp;startDate=2021-10-10&amp;endDate=2021-10-21&amp;interval=HOURLY&amp;customerId=AMG00354&amp;contentId=l2y1uvq1&amp;country=United%20States&amp;city=Anderson&amp;timezone=US/Eastern&amp;deviceType=Smart%20TV&amp;deviceName=Google%20Chromecast&amp;studioName=grvtywm 
 status=200, reason=OK 
 headers={'Content-Type': 'application/json; charset=utf-8', 'Content-Length': '543', 'Connection': 'keep-alive', 'Server': 'nginx', 'Date': 'Thu, 27 Jan 2022 08:46:47 GMT', 'Cache-Control': 'no-cache', 'Accept-Ranges': 'bytes', 'X-Content-Type-Options': 'nosniff', 'X-XSS-Protection': '1; mode=block', 'Strict-Transport-Security': 'max-age=31536000; includeSubdomains;', 'X-Frame-Options': 'DENY', 'X-Cache': 'Miss from cloudfront', 'Via': '1.1 957cf26246f54280f08550abee12d72c.cloudfront.net (CloudFront)', 'X-Amz-Cf-Pop': 'MAA51-P1', 'X-Amz-Cf-Id': '641aqgAntysnvfUkUm2x98IJ72xTZP8G-y8ICpMnvdusMQUgQ_8l6g=='} 
 body={"dateRange":{"startDate":"2021-10-10","endDate":"2021-10-21","interval":"HOURLY","startTime":"00:00","endTime":"23:00"},"viewershipAnalytics":[{"time":"2021-10-12 17:00:00","numberOfViewers":1,"numberOfSession":1,"viewershipMinutes":0},{"time":"2021-10-17 15:00:00","numberOfViewers":1,"numberOfSession":1,"viewershipMinutes":0}],"totalSessions":2,"totalViewershipMinutes":0,"aggregatedViewers":2,"hourlyAverageNumberOfViewers":1,"hourlyAverageSessionCount":1,"hourlyAverageViewershipMinutes":0,"avgSessionDuration":0,"avgSessionPerViewer":1} 
 </msg>
<msg timestamp="20220127 14:16:47.494" level="INFO">/usr/local/lib/python3.8/dist-packages/urllib3/connectionpool.py:1013: InsecureRequestWarning: Unverified HTTPS request is being made to host 'api-analytics.amagi.tv'. Adding certificate verification is strongly advised. See: https://urllib3.readthedocs.io/en/1.26.x/advanced-usage.html#ssl-warnings
  warnings.warn(</msg>
<msg timestamp="20220127 14:16:47.495" level="INFO">${response} = &lt;Response [200]&gt;</msg>
<status status="PASS" starttime="20220127 14:16:47.034" endtime="20220127 14:16:47.495"/>
</kw>
<kw name="Log To Console" library="BuiltIn">
<arg>${response.status_code}</arg>
<doc>Logs the given message to the console.</doc>
<status status="PASS" starttime="20220127 14:16:47.495" endtime="20220127 14:16:47.496"/>
</kw>
<kw name="Log To Console" library="BuiltIn">
<arg>${response.content}</arg>
<doc>Logs the given message to the console.</doc>
<status status="PASS" starttime="20220127 14:16:47.496" endtime="20220127 14:16:47.498"/>
</kw>
<tag>Regression</tag>
<status status="PASS" starttime="20220127 14:16:47.029" endtime="20220127 14:16:47.498"/>
</test>
<test id="s1-t4" name="FilterUsing-DateRange_Channel_Content_Country_City_Timezone_Device_Studio">
<kw name="Get Access Token with Base URL for Hourly ViewershipAnalytics" library="GetAccessToken">
<kw name="Create Dictionary" library="BuiltIn">
<var>${access_token}</var>
<arg>x-access-token=ab10a1c3-d1d6-477a-83bb-dc42cf167e62</arg>
<doc>Creates and returns a dictionary based on the given ``items``.</doc>
<msg timestamp="20220127 14:16:47.501" level="INFO">${access_token} = {'x-access-token': 'ab10a1c3-d1d6-477a-83bb-dc42cf167e62'}</msg>
<status status="PASS" starttime="20220127 14:16:47.500" endtime="20220127 14:16:47.501"/>
</kw>
<kw name="Create Session" library="RequestsLibrary">
<arg>GetHourlyViewership</arg>
<arg>${Base_URL}</arg>
<arg>headers=${access_token}</arg>
<doc>Create Session: create a HTTP session to a server</doc>
<msg timestamp="20220127 14:16:47.502" level="INFO">Creating Session using : alias=GetHourlyViewership, url=https://api-analytics.amagi.tv/, headers={'x-access-token': 'ab10a1c3-d1d6-477a-83bb-dc42cf167e62'},                     cookies={}, auth=None, timeout=None, proxies=None, verify=False,                     debug=0 </msg>
<status status="PASS" starttime="20220127 14:16:47.501" endtime="20220127 14:16:47.502"/>
</kw>
<status status="PASS" starttime="20220127 14:16:47.499" endtime="20220127 14:16:47.502"/>
</kw>
<kw name="GET On Session" library="RequestsLibrary">
<var>${response}</var>
<arg>GetHourlyViewership</arg>
<arg>${channel_content_device_timezone_country_city_studio}</arg>
<doc>Sends a GET request on a previously created HTTP Session.</doc>
<msg timestamp="20220127 14:16:47.904" level="INFO">GET Request : url=https://api-analytics.amagi.tv/api/v2?type=viewershipAnalytics&amp;startDate=2021-10-10&amp;endDate=2021-10-21&amp;interval=HOURLY&amp;channelId=outsidetv-outsidetv-vizio&amp;contentId=l2y1uvq1&amp;country=United%20States&amp;city=Anderson&amp;timezone=US/Eastern&amp;deviceType=Smart%20TV&amp;deviceName=Google%20Chromecast&amp;studioName=grvtywm 
 path_url=/api/v2?type=viewershipAnalytics&amp;startDate=2021-10-10&amp;endDate=2021-10-21&amp;interval=HOURLY&amp;channelId=outsidetv-outsidetv-vizio&amp;contentId=l2y1uvq1&amp;country=United%20States&amp;city=Anderson&amp;timezone=US/Eastern&amp;deviceType=Smart%20TV&amp;deviceName=Google%20Chromecast&amp;studioName=grvtywm 
 headers={'User-Agent': 'python-requests/2.27.1', 'Accept-Encoding': 'gzip, deflate', 'Accept': '*/*', 'Connection': 'keep-alive', 'x-access-token': 'ab10a1c3-d1d6-477a-83bb-dc42cf167e62'} 
 body=None 
 </msg>
<msg timestamp="20220127 14:16:47.904" level="INFO">GET Response : url=https://api-analytics.amagi.tv/api/v2?type=viewershipAnalytics&amp;startDate=2021-10-10&amp;endDate=2021-10-21&amp;interval=HOURLY&amp;channelId=outsidetv-outsidetv-vizio&amp;contentId=l2y1uvq1&amp;country=United%20States&amp;city=Anderson&amp;timezone=US/Eastern&amp;deviceType=Smart%20TV&amp;deviceName=Google%20Chromecast&amp;studioName=grvtywm 
 status=200, reason=OK 
 headers={'Content-Type': 'application/json; charset=utf-8', 'Content-Length': '543', 'Connection': 'keep-alive', 'Server': 'nginx', 'Date': 'Thu, 27 Jan 2022 08:46:47 GMT', 'Cache-Control': 'no-cache', 'Accept-Ranges': 'bytes', 'X-Content-Type-Options': 'nosniff', 'X-XSS-Protection': '1; mode=block', 'Strict-Transport-Security': 'max-age=31536000; includeSubdomains;', 'X-Frame-Options': 'DENY', 'X-Cache': 'Miss from cloudfront', 'Via': '1.1 8848e817dbad32b1ae333eabdea228d4.cloudfront.net (CloudFront)', 'X-Amz-Cf-Pop': 'MAA51-P1', 'X-Amz-Cf-Id': 'FVp9-0jwMxSYni7hgoy5G00zZoOyUHpA8VkAUL5pEEctLfRZW9x1sg=='} 
 body={"dateRange":{"startDate":"2021-10-10","endDate":"2021-10-21","interval":"HOURLY","startTime":"00:00","endTime":"23:00"},"viewershipAnalytics":[{"time":"2021-10-12 17:00:00","numberOfViewers":1,"numberOfSession":1,"viewershipMinutes":0},{"time":"2021-10-17 15:00:00","numberOfViewers":1,"numberOfSession":1,"viewershipMinutes":0}],"totalSessions":2,"totalViewershipMinutes":0,"aggregatedViewers":2,"hourlyAverageNumberOfViewers":1,"hourlyAverageSessionCount":1,"hourlyAverageViewershipMinutes":0,"avgSessionDuration":0,"avgSessionPerViewer":1} 
 </msg>
<msg timestamp="20220127 14:16:47.904" level="INFO">/usr/local/lib/python3.8/dist-packages/urllib3/connectionpool.py:1013: InsecureRequestWarning: Unverified HTTPS request is being made to host 'api-analytics.amagi.tv'. Adding certificate verification is strongly advised. See: https://urllib3.readthedocs.io/en/1.26.x/advanced-usage.html#ssl-warnings
  warnings.warn(</msg>
<msg timestamp="20220127 14:16:47.904" level="INFO">${response} = &lt;Response [200]&gt;</msg>
<status status="PASS" starttime="20220127 14:16:47.503" endtime="20220127 14:16:47.904"/>
</kw>
<kw name="Log To Console" library="BuiltIn">
<arg>${response.status_code}</arg>
<doc>Logs the given message to the console.</doc>
<status status="PASS" starttime="20220127 14:16:47.904" endtime="20220127 14:16:47.906"/>
</kw>
<kw name="Log To Console" library="BuiltIn">
<arg>${response.content}</arg>
<doc>Logs the given message to the console.</doc>
<status status="PASS" starttime="20220127 14:16:47.906" endtime="20220127 14:16:47.907"/>
</kw>
<tag>Regression</tag>
<status status="PASS" starttime="20220127 14:16:47.498" endtime="20220127 14:16:47.908"/>
</test>
<status status="PASS" starttime="20220127 14:16:40.152" endtime="20220127 14:16:47.909"/>
</suite>
<statistics>
<total>
<stat pass="4" fail="0" skip="0">All Tests</stat>
</total>
<tag>
<stat pass="4" fail="0" skip="0">Regression</stat>
</tag>
<suite>
<stat pass="4" fail="0" skip="0" id="s1" name="HourlyViewershipAnalyticsAPI">HourlyViewershipAnalyticsAPI</stat>
</suite>
</statistics>
<errors>
</errors>
</robot>
